#
# There is insufficient memory for the Java Runtime Environment to continue.
# Native memory allocation (malloc) failed to allocate 36816 bytes for Chunk::new
# Possible reasons:
#   The system is out of physical RAM or swap space
#   The process is running with CompressedOops enabled, and the Java Heap may be blocking the growth of the native heap
# Possible solutions:
#   Reduce memory load on the system
#   Increase physical memory or swap space
#   Check if swap backing store is full
#   Decrease Java heap size (-Xmx/-Xms)
#   Decrease number of Java threads
#   Decrease Java thread stack sizes (-Xss)
#   Set larger code cache with -XX:ReservedCodeCacheSize=
#   JVM is running with Zero Based Compressed Oops mode in which the Java heap is
#     placed in the first 32GB address space. The Java Heap base address is the
#     maximum limit for the native heap growth. Please use -XX:HeapBaseMinAddress
#     to set the Java Heap base and to place the Java Heap above 32GB virtual address.
# This output file may be truncated or incomplete.
#
#  Out of Memory Error (allocation.cpp:389), pid=39388, tid=0x000000000000c974
#
# JRE version: Java(TM) SE Runtime Environment (8.0_202-b08) (build 1.8.0_202-b08)
# Java VM: Java HotSpot(TM) 64-Bit Server VM (25.202-b08 mixed mode windows-amd64 compressed oops)
# Failed to write core dump. Minidumps are not enabled by default on client versions of Windows
#

---------------  T H R E A D  ---------------

Current thread (0x000000001e66d000):  JavaThread "C2 CompilerThread2" daemon [_thread_in_native, id=51572, stack(0x000000001f160000,0x000000001f260000)]

Stack: [0x000000001f160000,0x000000001f260000]
[error occurred during error reporting (printing stack bounds), id 0xc0000005]

Native frames: (J=compiled Java code, j=interpreted, Vv=VM code, C=native code)


Current CompileTask:
C2:   6906 3752       4       org.fusesource.jansi.io.AnsiOutputStream::write (898 bytes)


---------------  P R O C E S S  ---------------

Java Threads: ( => current thread )
  0x000000002237c000 JavaThread "fork-1-err-thread" daemon [_thread_in_native, id=63920, stack(0x00000000255c0000,0x00000000256c0000)]
  0x0000000022379800 JavaThread "fork-1-event-thread" daemon [_thread_in_Java, id=62436, stack(0x00000000254c0000,0x00000000255c0000)]
  0x0000000023835000 JavaThread "std-in-fork-1" daemon [_thread_blocked, id=37228, stack(0x00000000253c0000,0x00000000254c0000)]
  0x00000000227c0000 JavaThread "ThreadedStreamConsumer" daemon [_thread_in_native, id=33500, stack(0x00000000251c0000,0x00000000252c0000)]
  0x00000000207d0800 JavaThread "ping-timer-10s" daemon [_thread_blocked, id=49776, stack(0x00000000250c0000,0x00000000251c0000)]
  0x0000000022afc800 JavaThread "timeout-check-timer" daemon [_thread_blocked, id=58088, stack(0x0000000024fc0000,0x00000000250c0000)]
  0x000000002069c800 JavaThread "resolver-5" daemon [_thread_blocked, id=28544, stack(0x0000000024ec0000,0x0000000024fc0000)]
  0x0000000022d45800 JavaThread "resolver-4" daemon [_thread_blocked, id=34364, stack(0x0000000024dc0000,0x0000000024ec0000)]
  0x0000000022d45000 JavaThread "resolver-3" daemon [_thread_blocked, id=64180, stack(0x0000000024cc0000,0x0000000024dc0000)]
  0x0000000022d44000 JavaThread "resolver-2" daemon [_thread_blocked, id=59552, stack(0x0000000024bc0000,0x0000000024cc0000)]
  0x0000000022d0e000 JavaThread "resolver-1" daemon [_thread_blocked, id=64192, stack(0x0000000024ac0000,0x0000000024bc0000)]
  0x000000001e708000 JavaThread "Service Thread" daemon [_thread_blocked, id=64428, stack(0x000000001f360000,0x000000001f460000)]
  0x000000001e676000 JavaThread "C1 CompilerThread3" daemon [_thread_blocked, id=27212, stack(0x000000001f260000,0x000000001f360000)]
=>0x000000001e66d000 JavaThread "C2 CompilerThread2" daemon [_thread_in_native, id=51572, stack(0x000000001f160000,0x000000001f260000)]
  0x000000001e66c800 JavaThread "C2 CompilerThread1" daemon [_thread_in_native, id=64304, stack(0x000000001f060000,0x000000001f160000)]
  0x000000001e66a800 JavaThread "C2 CompilerThread0" daemon [_thread_in_native, id=58708, stack(0x000000001ef60000,0x000000001f060000)]
  0x000000001e668800 JavaThread "Attach Listener" daemon [_thread_blocked, id=62412, stack(0x000000001ee60000,0x000000001ef60000)]
  0x000000001e666000 JavaThread "Signal Dispatcher" daemon [_thread_blocked, id=50168, stack(0x000000001ed60000,0x000000001ee60000)]
  0x000000001e661000 JavaThread "Finalizer" daemon [_thread_blocked, id=62376, stack(0x000000001eb40000,0x000000001ec40000)]
  0x000000001e660800 JavaThread "Reference Handler" daemon [_thread_blocked, id=27816, stack(0x000000001ea40000,0x000000001eb40000)]
  0x000000000303e800 JavaThread "main" [_thread_in_native, id=58676, stack(0x0000000002db0000,0x0000000002eb0000)]

Other Threads:
  0x000000001c879800 VMThread [stack: 0x000000001e540000,0x000000001e640000] [id=59900]
  0x000000001e73d800 WatcherThread [stack: 0x000000001f460000,0x000000001f560000] [id=57560]

VM state:not at safepoint (normal execution)

VM Mutex/Monitor currently owned by a thread: None

heap address: 0x00000006c5800000, size: 4008 MB, Compressed Oops mode: Zero based, Oop shift amount: 3
Narrow klass base: 0x0000000000000000, Narrow klass shift: 3
Compressed class space size: 1073741824 Address: 0x00000007c0000000

Heap:
 PSYoungGen      total 139776K, used 60589K [0x000000076c800000, 0x0000000775b00000, 0x00000007c0000000)
  eden space 129024K, 38% used [0x000000076c800000,0x000000076f8af680,0x0000000774600000)
  from space 10752K, 99% used [0x0000000775080000,0x0000000775afc050,0x0000000775b00000)
  to   space 10752K, 0% used [0x0000000774600000,0x0000000774600000,0x0000000775080000)
 ParOldGen       total 172032K, used 5350K [0x00000006c5800000, 0x00000006d0000000, 0x000000076c800000)
  object space 172032K, 3% used [0x00000006c5800000,0x00000006c5d39940,0x00000006d0000000)
 Metaspace       used 20255K, capacity 20778K, committed 20992K, reserved 1067008K
  class space    used 2341K, capacity 2484K, committed 2560K, reserved 1048576K

Card table byte_map: [0x0000000012400000,0x0000000012be0000] byte_map_base: 0x000000000edd4000

Marking Bits: (ParMarkBitMap*) 0x0000000077755ce0
 Begin Bits: [0x0000000013920000, 0x00000000177c0000)
 End Bits:   [0x00000000177c0000, 0x000000001b660000)

Polling page: 0x0000000002ec0000

CodeCache: size=245760Kb used=13625Kb max_used=13636Kb free=232134Kb
 bounds [0x0000000003040000, 0x0000000003da0000, 0x0000000012040000]
 total_blobs=4181 nmethods=3776 adapters=317
 compilation: enabled

Compilation events (10 events):
Event: 6.878 Thread 0x000000001e66a800 3754       4       org.fusesource.jansi.io.FastBufferedOutputStream::write (35 bytes)
Event: 6.879 Thread 0x000000001e66a800 nmethod 3754 0x0000000003d6e8d0 code [0x0000000003d6ea00, 0x0000000003d6ead8]
Event: 6.879 Thread 0x000000001e66c800 3756       4       java.lang.AbstractStringBuilder::setLength (45 bytes)
Event: 6.879 Thread 0x000000001e66a800 3757       4       java.lang.StringBuilder::setLength (6 bytes)
Event: 6.880 Thread 0x000000001e676000 nmethod 3751 0x0000000003d74c50 code [0x0000000003d74fe0, 0x0000000003d77358]
Event: 6.880 Thread 0x000000001e676000 3755       1       java.nio.charset.CharsetDecoder::maxCharsPerByte (5 bytes)
Event: 6.881 Thread 0x000000001e676000 nmethod 3755 0x0000000003d6e610 code [0x0000000003d6e760, 0x0000000003d6e870]
Event: 6.881 Thread 0x000000001e676000 3753       3       org.apache.maven.plugin.surefire.extensions.EventConsumerThread::toEvent (984 bytes)
Event: 6.884 Thread 0x000000001e66a800 nmethod 3757 0x0000000003d6df10 code [0x0000000003d6e060, 0x0000000003d6e398]
Event: 6.885 Thread 0x000000001e66c800 nmethod 3756 0x0000000003d72b50 code [0x0000000003d72ca0, 0x0000000003d72fd8]

GC Heap History (8 events):
Event: 0.917 GC heap before
{Heap before GC invocations=1 (full 0):
 PSYoungGen      total 75264K, used 64512K [0x000000076c800000, 0x0000000771c00000, 0x00000007c0000000)
  eden space 64512K, 100% used [0x000000076c800000,0x0000000770700000,0x0000000770700000)
  from space 10752K, 0% used [0x0000000771180000,0x0000000771180000,0x0000000771c00000)
  to   space 10752K, 0% used [0x0000000770700000,0x0000000770700000,0x0000000771180000)
 ParOldGen       total 172032K, used 0K [0x00000006c5800000, 0x00000006d0000000, 0x000000076c800000)
  object space 172032K, 0% used [0x00000006c5800000,0x00000006c5800000,0x00000006d0000000)
 Metaspace       used 11566K, capacity 11796K, committed 12160K, reserved 1060864K
  class space    used 1441K, capacity 1542K, committed 1664K, reserved 1048576K
Event: 0.926 GC heap after
Heap after GC invocations=1 (full 0):
 PSYoungGen      total 75264K, used 10568K [0x000000076c800000, 0x0000000771c00000, 0x00000007c0000000)
  eden space 64512K, 0% used [0x000000076c800000,0x000000076c800000,0x0000000770700000)
  from space 10752K, 98% used [0x0000000770700000,0x0000000771152100,0x0000000771180000)
  to   space 10752K, 0% used [0x0000000771180000,0x0000000771180000,0x0000000771c00000)
 ParOldGen       total 172032K, used 16K [0x00000006c5800000, 0x00000006d0000000, 0x000000076c800000)
  object space 172032K, 0% used [0x00000006c5800000,0x00000006c5804000,0x00000006d0000000)
 Metaspace       used 11566K, capacity 11796K, committed 12160K, reserved 1060864K
  class space    used 1441K, capacity 1542K, committed 1664K, reserved 1048576K
}
Event: 1.601 GC heap before
{Heap before GC invocations=2 (full 0):
 PSYoungGen      total 75264K, used 75080K [0x000000076c800000, 0x0000000771c00000, 0x00000007c0000000)
  eden space 64512K, 100% used [0x000000076c800000,0x0000000770700000,0x0000000770700000)
  from space 10752K, 98% used [0x0000000770700000,0x0000000771152100,0x0000000771180000)
  to   space 10752K, 0% used [0x0000000771180000,0x0000000771180000,0x0000000771c00000)
 ParOldGen       total 172032K, used 16K [0x00000006c5800000, 0x00000006d0000000, 0x000000076c800000)
  object space 172032K, 0% used [0x00000006c5800000,0x00000006c5804000,0x00000006d0000000)
 Metaspace       used 15396K, capacity 15614K, committed 15744K, reserved 1062912K
  class space    used 1845K, capacity 1919K, committed 1920K, reserved 1048576K
Event: 1.615 GC heap after
Heap after GC invocations=2 (full 0):
 PSYoungGen      total 75264K, used 9453K [0x000000076c800000, 0x0000000775b00000, 0x00000007c0000000)
  eden space 64512K, 0% used [0x000000076c800000,0x000000076c800000,0x0000000770700000)
  from space 10752K, 87% used [0x0000000771180000,0x0000000771abb4f8,0x0000000771c00000)
  to   space 10752K, 0% used [0x0000000770700000,0x0000000770700000,0x0000000771180000)
 ParOldGen       total 172032K, used 32K [0x00000006c5800000, 0x00000006d0000000, 0x000000076c800000)
  object space 172032K, 0% used [0x00000006c5800000,0x00000006c5808000,0x00000006d0000000)
 Metaspace       used 15396K, capacity 15614K, committed 15744K, reserved 1062912K
  class space    used 1845K, capacity 1919K, committed 1920K, reserved 1048576K
}
Event: 2.158 GC heap before
{Heap before GC invocations=3 (full 0):
 PSYoungGen      total 75264K, used 73965K [0x000000076c800000, 0x0000000775b00000, 0x00000007c0000000)
  eden space 64512K, 100% used [0x000000076c800000,0x0000000770700000,0x0000000770700000)
  from space 10752K, 87% used [0x0000000771180000,0x0000000771abb4f8,0x0000000771c00000)
  to   space 10752K, 0% used [0x0000000770700000,0x0000000770700000,0x0000000771180000)
 ParOldGen       total 172032K, used 32K [0x00000006c5800000, 0x00000006d0000000, 0x000000076c800000)
  object space 172032K, 0% used [0x00000006c5800000,0x00000006c5808000,0x00000006d0000000)
 Metaspace       used 16564K, capacity 16992K, committed 17280K, reserved 1064960K
  class space    used 1935K, capacity 2057K, committed 2176K, reserved 1048576K
Event: 2.165 GC heap after
Heap after GC invocations=3 (full 0):
 PSYoungGen      total 75264K, used 10720K [0x000000076c800000, 0x0000000775b00000, 0x00000007c0000000)
  eden space 64512K, 0% used [0x000000076c800000,0x000000076c800000,0x0000000770700000)
  from space 10752K, 99% used [0x0000000770700000,0x0000000771178040,0x0000000771180000)
  to   space 10752K, 0% used [0x0000000775080000,0x0000000775080000,0x0000000775b00000)
 ParOldGen       total 172032K, used 1300K [0x00000006c5800000, 0x00000006d0000000, 0x000000076c800000)
  object space 172032K, 0% used [0x00000006c5800000,0x00000006c5945378,0x00000006d0000000)
 Metaspace       used 16564K, capacity 16992K, committed 17280K, reserved 1064960K
  class space    used 1935K, capacity 2057K, committed 2176K, reserved 1048576K
}
Event: 2.738 GC heap before
{Heap before GC invocations=4 (full 0):
 PSYoungGen      total 75264K, used 75232K [0x000000076c800000, 0x0000000775b00000, 0x00000007c0000000)
  eden space 64512K, 100% used [0x000000076c800000,0x0000000770700000,0x0000000770700000)
  from space 10752K, 99% used [0x0000000770700000,0x0000000771178040,0x0000000771180000)
  to   space 10752K, 0% used [0x0000000775080000,0x0000000775080000,0x0000000775b00000)
 ParOldGen       total 172032K, used 1300K [0x00000006c5800000, 0x00000006d0000000, 0x000000076c800000)
  object space 172032K, 0% used [0x00000006c5800000,0x00000006c5945378,0x00000006d0000000)
 Metaspace       used 18670K, capacity 19146K, committed 19456K, reserved 1067008K
  class space    used 2133K, capacity 2260K, committed 2304K, reserved 1048576K
Event: 2.756 GC heap after
Heap after GC invocations=4 (full 0):
 PSYoungGen      total 139776K, used 10736K [0x000000076c800000, 0x0000000775b00000, 0x00000007c0000000)
  eden space 129024K, 0% used [0x000000076c800000,0x000000076c800000,0x0000000774600000)
  from space 10752K, 99% used [0x0000000775080000,0x0000000775afc050,0x0000000775b00000)
  to   space 10752K, 0% used [0x0000000774600000,0x0000000774600000,0x0000000775080000)
 ParOldGen       total 172032K, used 5350K [0x00000006c5800000, 0x00000006d0000000, 0x000000076c800000)
  object space 172032K, 3% used [0x00000006c5800000,0x00000006c5d39940,0x00000006d0000000)
 Metaspace       used 18670K, capacity 19146K, committed 19456K, reserved 1067008K
  class space    used 2133K, capacity 2260K, committed 2304K, reserved 1048576K
}

Deoptimization events (10 events):
Event: 2.896 Thread 0x000000000303e800 Uncommon trap: reason=class_check action=maybe_recompile pc=0x00000000036f0050 method=java.util.Collections$UnmodifiableMap$UnmodifiableEntrySet$1.hasNext()Z @ 4
Event: 2.896 Thread 0x000000000303e800 Uncommon trap: reason=class_check action=maybe_recompile pc=0x00000000036f4334 method=java.util.Collections$UnmodifiableMap$UnmodifiableEntrySet$1.next()Ljava/util/Map$Entry; @ 8
Event: 2.896 Thread 0x000000000303e800 Uncommon trap: reason=class_check action=maybe_recompile pc=0x0000000003722088 method=java.util.Collections$UnmodifiableMap$UnmodifiableEntrySet$UnmodifiableEntry.getKey()Ljava/lang/Object; @ 4
Event: 2.896 Thread 0x000000000303e800 Uncommon trap: reason=class_check action=maybe_recompile pc=0x000000000371e288 method=java.util.Collections$UnmodifiableMap$UnmodifiableEntrySet$UnmodifiableEntry.getValue()Ljava/lang/Object; @ 4
Event: 2.896 Thread 0x000000000303e800 Uncommon trap: reason=class_check action=maybe_recompile pc=0x00000000036f0050 method=java.util.Collections$UnmodifiableMap$UnmodifiableEntrySet$1.hasNext()Z @ 4
Event: 2.896 Thread 0x000000000303e800 Uncommon trap: reason=class_check action=maybe_recompile pc=0x00000000036f4334 method=java.util.Collections$UnmodifiableMap$UnmodifiableEntrySet$1.next()Ljava/util/Map$Entry; @ 8
Event: 2.896 Thread 0x000000000303e800 Uncommon trap: reason=class_check action=maybe_recompile pc=0x0000000003722088 method=java.util.Collections$UnmodifiableMap$UnmodifiableEntrySet$UnmodifiableEntry.getKey()Ljava/lang/Object; @ 4
Event: 2.896 Thread 0x000000000303e800 Uncommon trap: reason=class_check action=maybe_recompile pc=0x000000000371e288 method=java.util.Collections$UnmodifiableMap$UnmodifiableEntrySet$UnmodifiableEntry.getValue()Ljava/lang/Object; @ 4
Event: 2.914 Thread 0x000000002237c000 Uncommon trap: reason=bimorphic action=maybe_recompile pc=0x000000000386e5dc method=java.util.regex.Matcher.getTextLength()I @ 4
Event: 2.915 Thread 0x000000002237c000 Uncommon trap: reason=bimorphic action=maybe_recompile pc=0x000000000386e5dc method=java.util.regex.Matcher.getTextLength()I @ 4

Classes redefined (0 events):
No events

Internal exceptions (10 events):
Event: 1.851 Thread 0x000000000303e800 Implicit null exception at 0x000000000393c4c8 to 0x000000000393c729
Event: 1.945 Thread 0x000000000303e800 Implicit null exception at 0x000000000392d1cf to 0x000000000392d625
Event: 2.376 Thread 0x000000000303e800 Exception <a 'java/lang/NoClassDefFoundError': org/sonatype/aether/artifact/Artifact> (0x000000076df9f290) thrown at [C:\re\workspace\8-2-build-windows-amd64-cygwin\jdk8u202\12323\hotspot\src\share\vm\classfile\systemDictionary.cpp, line 199]
Event: 2.376 Thread 0x000000000303e800 Exception <a 'java/lang/NoClassDefFoundError': org/sonatype/aether/resolution/ArtifactDescriptorException> (0x000000076dfadb20) thrown at [C:\re\workspace\8-2-build-windows-amd64-cygwin\jdk8u202\12323\hotspot\src\share\vm\classfile\systemDictionary.cpp, l
Event: 2.380 Thread 0x000000000303e800 Exception <a 'java/lang/NoClassDefFoundError': org/sonatype/aether/deployment/DeploymentException> (0x000000076e03b228) thrown at [C:\re\workspace\8-2-build-windows-amd64-cygwin\jdk8u202\12323\hotspot\src\share\vm\classfile\systemDictionary.cpp, line 199]
Event: 2.382 Thread 0x000000000303e800 Exception <a 'java/lang/NoClassDefFoundError': org/sonatype/aether/resolution/ArtifactResolutionException> (0x000000076e06c2a8) thrown at [C:\re\workspace\8-2-build-windows-amd64-cygwin\jdk8u202\12323\hotspot\src\share\vm\classfile\systemDictionary.cpp, l
Event: 2.382 Thread 0x000000000303e800 Exception <a 'java/lang/NoClassDefFoundError': org/sonatype/aether/installation/InstallationException> (0x000000076e07a560) thrown at [C:\re\workspace\8-2-build-windows-amd64-cygwin\jdk8u202\12323\hotspot\src\share\vm\classfile\systemDictionary.cpp, line 
Event: 2.383 Thread 0x000000000303e800 Exception <a 'java/lang/NoClassDefFoundError': org/sonatype/aether/collection/DependencyCollectionException> (0x000000076e08bdd0) thrown at [C:\re\workspace\8-2-build-windows-amd64-cygwin\jdk8u202\12323\hotspot\src\share\vm\classfile\systemDictionary.cpp,
Event: 2.385 Thread 0x000000000303e800 Exception <a 'java/lang/NoClassDefFoundError': org/sonatype/aether/artifact/Artifact> (0x000000076e0dedc8) thrown at [C:\re\workspace\8-2-build-windows-amd64-cygwin\jdk8u202\12323\hotspot\src\share\vm\classfile\systemDictionary.cpp, line 199]
Event: 2.615 Thread 0x000000000303e800 Implicit null exception at 0x0000000003bfbc43 to 0x0000000003bfbe8d

Events (10 events):
Event: 3.468 loading class org/apache/maven/surefire/shared/utils/logging/Style
Event: 3.468 loading class org/apache/maven/surefire/shared/utils/logging/Style done
Event: 3.468 loading class org/apache/maven/surefire/shared/utils/logging/Style
Event: 3.468 loading class org/apache/maven/surefire/shared/utils/logging/Style done
Event: 3.469 loading class org/fusesource/jansi/Ansi$Color
Event: 3.469 loading class org/fusesource/jansi/Ansi$Color done
Event: 3.469 loading class org/fusesource/jansi/Ansi$Color
Event: 3.469 loading class org/fusesource/jansi/Ansi$Color done
Event: 4.127 Executing VM operation: EnableBiasedLocking
Event: 4.127 Executing VM operation: EnableBiasedLocking done


Dynamic libraries:
0x00007ff7fa2a0000 - 0x00007ff7fa2d7000 	C:\Program Files\Java\jdk1.8.0_202\bin\java.exe
0x00007ffbdbc90000 - 0x00007ffbdbe87000 	C:\Windows\SYSTEM32\ntdll.dll
0x00007ffbdb160000 - 0x00007ffbdb21d000 	C:\Windows\System32\KERNEL32.DLL
0x00007ffbd9620000 - 0x00007ffbd98ed000 	C:\Windows\System32\KERNELBASE.dll
0x00007ffbdbb40000 - 0x00007ffbdbbee000 	C:\Windows\System32\ADVAPI32.dll
0x00007ffbda0b0000 - 0x00007ffbda14e000 	C:\Windows\System32\msvcrt.dll
0x00007ffbda2e0000 - 0x00007ffbda37c000 	C:\Windows\System32\sechost.dll
0x00007ffbda380000 - 0x00007ffbda4a5000 	C:\Windows\System32\RPCRT4.dll
0x00007ffbdb9a0000 - 0x00007ffbdbb40000 	C:\Windows\System32\USER32.dll
0x00007ffbd95f0000 - 0x00007ffbd9612000 	C:\Windows\System32\win32u.dll
0x00007ffbdad60000 - 0x00007ffbdad8a000 	C:\Windows\System32\GDI32.dll
0x00007ffbd9be0000 - 0x00007ffbd9ceb000 	C:\Windows\System32\gdi32full.dll
0x00007ffbd93b0000 - 0x00007ffbd944d000 	C:\Windows\System32\msvcp_win.dll
0x00007ffbd9ae0000 - 0x00007ffbd9be0000 	C:\Windows\System32\ucrtbase.dll
0x00007ffbc7330000 - 0x00007ffbc75ca000 	C:\Windows\WinSxS\amd64_microsoft.windows.common-controls_6595b64144ccf1df_6.0.19041.1110_none_60b5254171f9507e\COMCTL32.dll
0x00007ffbd9e10000 - 0x00007ffbd9e40000 	C:\Windows\System32\IMM32.DLL
0x00000000777e0000 - 0x00000000778b2000 	C:\Program Files\Java\jdk1.8.0_202\jre\bin\msvcr100.dll
0x0000000076f30000 - 0x00000000777d5000 	C:\Program Files\Java\jdk1.8.0_202\jre\bin\server\jvm.dll
0x00007ffbd9ff0000 - 0x00007ffbd9ff8000 	C:\Windows\System32\PSAPI.DLL
0x00007ffbc6f00000 - 0x00007ffbc6f27000 	C:\Windows\SYSTEM32\WINMM.dll
0x00007ffbc3ae0000 - 0x00007ffbc3ae9000 	C:\Windows\SYSTEM32\WSOCK32.dll
0x00007ffbdad90000 - 0x00007ffbdadfb000 	C:\Windows\System32\WS2_32.dll
0x00007ffbd1c40000 - 0x00007ffbd1c4a000 	C:\Windows\SYSTEM32\VERSION.dll
0x00007ffbd6040000 - 0x00007ffbd604f000 	C:\Program Files\Java\jdk1.8.0_202\jre\bin\verify.dll
0x00007ffbce8d0000 - 0x00007ffbce8f9000 	C:\Program Files\Java\jdk1.8.0_202\jre\bin\java.dll
0x00007ffbc5370000 - 0x00007ffbc5386000 	C:\Program Files\Java\jdk1.8.0_202\jre\bin\zip.dll
0x00007ffbda610000 - 0x00007ffbdad54000 	C:\Windows\System32\SHELL32.dll
0x00007ffbd71a0000 - 0x00007ffbd7934000 	C:\Windows\SYSTEM32\windows.storage.dll
0x00007ffbdae00000 - 0x00007ffbdb154000 	C:\Windows\System32\combase.dll
0x00007ffbd8e10000 - 0x00007ffbd8e3c000 	C:\Windows\SYSTEM32\Wldp.dll
0x00007ffbda530000 - 0x00007ffbda5dd000 	C:\Windows\System32\SHCORE.dll
0x00007ffbdbbf0000 - 0x00007ffbdbc45000 	C:\Windows\System32\shlwapi.dll
0x00007ffbd92f0000 - 0x00007ffbd930f000 	C:\Windows\SYSTEM32\profapi.dll
0x0000000069ac0000 - 0x0000000069ae4000 	C:\Program Files\Apache\maven\lib\jansi-native\Windows\x86_64\jansi.dll
0x00007ffbd6030000 - 0x00007ffbd603d000 	C:\Program Files\Java\jdk1.8.0_202\jre\bin\management.dll
0x00007ffbc5350000 - 0x00007ffbc536a000 	C:\Program Files\Java\jdk1.8.0_202\jre\bin\net.dll
0x00007ffbc2710000 - 0x00007ffbc28fc000 	C:\Windows\SYSTEM32\urlmon.dll
0x00007ffbc2130000 - 0x00007ffbc23e1000 	C:\Windows\SYSTEM32\iertutil.dll
0x00007ffbd8900000 - 0x00007ffbd890c000 	C:\Windows\SYSTEM32\netutils.dll
0x00007ffbc23f0000 - 0x00007ffbc2418000 	C:\Windows\SYSTEM32\srvcli.dll
0x00007ffbd8b70000 - 0x00007ffbd8bda000 	C:\Windows\system32\mswsock.dll
0x00007ffbd3010000 - 0x00007ffbd3027000 	C:\Windows\system32\napinsp.dll
0x00007ffbd2ff0000 - 0x00007ffbd300b000 	C:\Windows\system32\pnrpnsp.dll
0x00007ffbd2e60000 - 0x00007ffbd2e75000 	C:\Windows\system32\wshbth.dll
0x00007ffbd4360000 - 0x00007ffbd437d000 	C:\Windows\system32\NLAapi.dll
0x00007ffbd87f0000 - 0x00007ffbd882b000 	C:\Windows\SYSTEM32\IPHLPAPI.DLL
0x00007ffbd8830000 - 0x00007ffbd88fb000 	C:\Windows\SYSTEM32\DNSAPI.dll
0x00007ffbdb990000 - 0x00007ffbdb998000 	C:\Windows\System32\NSI.dll
0x00007ffbd2fd0000 - 0x00007ffbd2fe2000 	C:\Windows\System32\winrnr.dll
0x00007ffbd0790000 - 0x00007ffbd079a000 	C:\Windows\System32\rasadhlp.dll
0x00007ffbc86b0000 - 0x00007ffbc8730000 	C:\Windows\System32\fwpuclnt.dll
0x00007ffbd95c0000 - 0x00007ffbd95e7000 	C:\Windows\System32\bcrypt.dll
0x00007ffbd8d60000 - 0x00007ffbd8d78000 	C:\Windows\SYSTEM32\CRYPTSP.dll
0x00007ffbd8420000 - 0x00007ffbd8454000 	C:\Windows\system32\rsaenh.dll
0x00007ffbd9270000 - 0x00007ffbd929e000 	C:\Windows\SYSTEM32\USERENV.dll
0x00007ffbd9a50000 - 0x00007ffbd9ad2000 	C:\Windows\System32\bcryptprimitives.dll
0x00007ffbd8d80000 - 0x00007ffbd8d8c000 	C:\Windows\SYSTEM32\CRYPTBASE.dll
0x00007ffbce720000 - 0x00007ffbce737000 	C:\Windows\SYSTEM32\dhcpcsvc6.DLL
0x00007ffbd07b0000 - 0x00007ffbd07cd000 	C:\Windows\SYSTEM32\dhcpcsvc.DLL
0x00007ffbc41a0000 - 0x00007ffbc41b2000 	C:\Program Files\Java\jdk1.8.0_202\jre\bin\nio.dll

VM Arguments:
jvm_args: -Dclassworlds.conf=C:\Program Files\Apache\maven\bin\m2.conf -Dmaven.home=C:\Program Files\Apache\maven -Dlibrary.jansi.path=C:\Program Files\Apache\maven\lib\jansi-native -Dmaven.multiModuleProjectDirectory=C:\IptvAuto 
java_command: org.codehaus.plexus.classworlds.launcher.Launcher test
java_class_path (initial): C:\Program Files\Apache\maven\boot\plexus-classworlds-2.6.0.jar
Launcher Type: SUN_STANDARD

Environment Variables:
JAVA_HOME=C:\Program Files\Java\jdk1.8.0_202
PATH=C:\ProgramData\Oracle\Java\javapath;C:\Program Files (x86)\Common Files\Oracle\Java\javapath;C:\Windows\system32;C:\Windows;C:\Windows\System32\Wbem;C:\Windows\System32\WindowsPowerShell\v1.0\;C:\Windows\System32\OpenSSH\;C:\Program Files\dotnet\;C:\Program Files\Git\cmd;C:\Program Files\nodejs\;C:\Windows\System32;D:\hudson\driver;C:\Users\Hudson\driver;"C:\Program Files\Apache\maven\bin;”";C:\Program Files\Apache\maven\bin;C:\Program Files\Java\jdk1.8.0_202\bin;C:\anaconda;C:\anaconda\Library\mingw-w64\bin;C:\anaconda\Library\usr\bin;C:\anaconda\Library\bin;C:\anaconda\Scripts;C:\Users\Hudson\AppData\Local\Microsoft\WindowsApps;C:\Program Files\JetBrains\PyCharm Community Edition 2021.1.3\bin;;C:\Users\Hudson\AppData\Local\Programs\Microsoft VS Code\bin;C:\Users\Hudson\AppData\Roaming\npm;C:\Windows\System32;D:\Program Files\Hyper\resources\bin;C:\Program Files\Apache\maven\bin;C:\Program Files\Java\jdk1.8.0_202\bin;
USERNAME=Hudson
OS=Windows_NT
PROCESSOR_IDENTIFIER=Intel64 Family 6 Model 142 Stepping 10, GenuineIntel



---------------  S Y S T E M  ---------------

OS: Windows 10.0 , 64 bit Build 19041 (10.0.19041.1741)

CPU:total 8 (initial active 8) (4 cores per cpu, 2 threads per core) family 6 model 142 stepping 10, cmov, cx8, fxsr, mmx, sse, sse2, sse3, ssse3, sse4.1, sse4.2, popcnt, avx, avx2, aes, clmul, erms, 3dnowpref, lzcnt, ht, tsc, tscinvbit, bmi1, bmi2, adx

Memory: 4k page, physical 16411884k(984676k free), swap 45643712k(129224k free)

vm_info: Java HotSpot(TM) 64-Bit Server VM (25.202-b08) for windows-amd64 JRE (1.8.0_202-b08), built on Dec 15 2018 19:54:30 by "java_re" with MS VC++ 10.0 (VS2010)

time: Fri Jul 29 17:36:54 2022
timezone: Hora oficial do Brasil
elapsed time: 6 seconds (0d 0h 0m 6s)

