#
# There is insufficient memory for the Java Runtime Environment to continue.
# Native memory allocation (malloc) failed to allocate 133856 bytes for Chunk::new
# Possible reasons:
#   The system is out of physical RAM or swap space
#   The process is running with CompressedOops enabled, and the Java Heap may be blocking the growth of the native heap
# Possible solutions:
#   Reduce memory load on the system
#   Increase physical memory or swap space
#   Check if swap backing store is full
#   Decrease Java heap size (-Xmx/-Xms)
#   Decrease number of Java threads
#   Decrease Java thread stack sizes (-Xss)
#   Set larger code cache with -XX:ReservedCodeCacheSize=
#   JVM is running with Zero Based Compressed Oops mode in which the Java heap is
#     placed in the first 32GB address space. The Java Heap base address is the
#     maximum limit for the native heap growth. Please use -XX:HeapBaseMinAddress
#     to set the Java Heap base and to place the Java Heap above 32GB virtual address.
# This output file may be truncated or incomplete.
#
#  Out of Memory Error (allocation.cpp:389), pid=61300, tid=0x000000000000b6d4
#
# JRE version: Java(TM) SE Runtime Environment (8.0_202-b08) (build 1.8.0_202-b08)
# Java VM: Java HotSpot(TM) 64-Bit Server VM (25.202-b08 mixed mode windows-amd64 compressed oops)
# Failed to write core dump. Minidumps are not enabled by default on client versions of Windows
#

---------------  T H R E A D  ---------------

Current thread (0x000000001dfaf800):  JavaThread "C2 CompilerThread1" daemon [_thread_in_native, id=46804, stack(0x000000001e9a0000,0x000000001eaa0000)]

Stack: [0x000000001e9a0000,0x000000001eaa0000]
[error occurred during error reporting (printing stack bounds), id 0xc0000005]

Native frames: (J=compiled Java code, j=interpreted, Vv=VM code, C=native code)


Current CompileTask:
C2:   7466 3770       4       org.fusesource.jansi.io.AnsiOutputStream::write (898 bytes)


---------------  P R O C E S S  ---------------

Java Threads: ( => current thread )
  0x000000002171f800 JavaThread "fork-1-err-thread" daemon [_thread_in_native, id=54428, stack(0x0000000024f00000,0x0000000025000000)]
  0x0000000022bd5000 JavaThread "fork-1-event-thread" daemon [_thread_in_Java, id=62380, stack(0x0000000024e00000,0x0000000024f00000)]
  0x0000000022bd4800 JavaThread "std-in-fork-1" daemon [_thread_blocked, id=55412, stack(0x0000000024d00000,0x0000000024e00000)]
  0x0000000021030800 JavaThread "ThreadedStreamConsumer" daemon [_thread_in_native, id=54116, stack(0x0000000024b00000,0x0000000024c00000)]
  0x000000001fdef000 JavaThread "ping-timer-10s" daemon [_thread_blocked, id=59124, stack(0x0000000024a00000,0x0000000024b00000)]
  0x000000001fded800 JavaThread "timeout-check-timer" daemon [_thread_blocked, id=8464, stack(0x0000000024900000,0x0000000024a00000)]
  0x0000000021c65800 JavaThread "resolver-5" daemon [_thread_blocked, id=5296, stack(0x0000000024800000,0x0000000024900000)]
  0x000000002283a000 JavaThread "resolver-4" daemon [_thread_blocked, id=18848, stack(0x0000000024700000,0x0000000024800000)]
  0x0000000022839000 JavaThread "resolver-3" daemon [_thread_blocked, id=53844, stack(0x0000000024600000,0x0000000024700000)]
  0x0000000022838800 JavaThread "resolver-2" daemon [_thread_blocked, id=31696, stack(0x0000000022f10000,0x0000000023010000)]
  0x0000000022837800 JavaThread "resolver-1" daemon [_thread_blocked, id=51856, stack(0x0000000022e10000,0x0000000022f10000)]
  0x000000001dfcf000 JavaThread "Service Thread" daemon [_thread_blocked, id=41688, stack(0x000000001eca0000,0x000000001eda0000)]
  0x000000001dfb4800 JavaThread "C1 CompilerThread3" daemon [_thread_in_native, id=58836, stack(0x000000001eba0000,0x000000001eca0000)]
  0x000000001dfb0000 JavaThread "C2 CompilerThread2" daemon [_thread_in_native, id=51196, stack(0x000000001eaa0000,0x000000001eba0000)]
=>0x000000001dfaf800 JavaThread "C2 CompilerThread1" daemon [_thread_in_native, id=46804, stack(0x000000001e9a0000,0x000000001eaa0000)]
  0x000000001dfad800 JavaThread "C2 CompilerThread0" daemon [_thread_in_native, id=58964, stack(0x000000001e8a0000,0x000000001e9a0000)]
  0x000000001dfa7800 JavaThread "Attach Listener" daemon [_thread_blocked, id=53544, stack(0x000000001e7a0000,0x000000001e8a0000)]
  0x000000001dfa5000 JavaThread "Signal Dispatcher" daemon [_thread_blocked, id=53040, stack(0x000000001e6a0000,0x000000001e7a0000)]
  0x000000001dfa0800 JavaThread "Finalizer" daemon [_thread_blocked, id=41732, stack(0x000000001e480000,0x000000001e580000)]
  0x000000001c1bc800 JavaThread "Reference Handler" daemon [_thread_blocked, id=27504, stack(0x000000001e380000,0x000000001e480000)]
  0x00000000027ce800 JavaThread "main" [_thread_in_native, id=34728, stack(0x00000000027d0000,0x00000000028d0000)]

Other Threads:
  0x000000001c1b9000 VMThread [stack: 0x000000001de80000,0x000000001df80000] [id=19072]
  0x000000001e075000 WatcherThread [stack: 0x000000001eda0000,0x000000001eea0000] [id=23564]

VM state:not at safepoint (normal execution)

VM Mutex/Monitor currently owned by a thread: None

heap address: 0x00000006c5800000, size: 4008 MB, Compressed Oops mode: Zero based, Oop shift amount: 3
Narrow klass base: 0x0000000000000000, Narrow klass shift: 3
Compressed class space size: 1073741824 Address: 0x00000007c0000000

Heap:
 PSYoungGen      total 139776K, used 46867K [0x000000076c800000, 0x000000077d900000, 0x00000007c0000000)
  eden space 129024K, 28% used [0x000000076c800000,0x000000076eb48ee8,0x0000000774600000)
  from space 10752K, 99% used [0x0000000774600000,0x000000077507c030,0x0000000775080000)
  to   space 10752K, 0% used [0x000000077ce80000,0x000000077ce80000,0x000000077d900000)
 ParOldGen       total 172032K, used 5486K [0x00000006c5800000, 0x00000006d0000000, 0x000000076c800000)
  object space 172032K, 3% used [0x00000006c5800000,0x00000006c5d5b8a8,0x00000006d0000000)
 Metaspace       used 20288K, capacity 20842K, committed 20992K, reserved 1067008K
  class space    used 2341K, capacity 2484K, committed 2560K, reserved 1048576K

Card table byte_map: [0x0000000011d90000,0x0000000012570000] byte_map_base: 0x000000000e764000

Marking Bits: (ParMarkBitMap*) 0x0000000077755ce0
 Begin Bits: [0x00000000132b0000, 0x0000000017150000)
 End Bits:   [0x0000000017150000, 0x000000001aff0000)

Polling page: 0x0000000000f50000

CodeCache: size=245760Kb used=13887Kb max_used=13887Kb free=231872Kb
 bounds [0x00000000029d0000, 0x0000000003770000, 0x00000000119d0000]
 total_blobs=4200 nmethods=3795 adapters=317
 compilation: enabled

Compilation events (10 events):
Event: 7.440 Thread 0x000000001dfb4800 3772       3       org.apache.maven.surefire.api.booter.ForkedProcessEventType::isStandardStreamCategory (34 bytes)
Event: 7.440 Thread 0x000000001dfb4800 nmethod 3772 0x000000000375b210 code [0x000000000375b380, 0x000000000375b610]
Event: 7.440 Thread 0x000000001dfb4800 3774       3       java.util.concurrent.atomic.AtomicBoolean::get (13 bytes)
Event: 7.441 Thread 0x000000001dfb4800 nmethod 3774 0x0000000003755710 code [0x0000000003755860, 0x0000000003755a10]
Event: 7.441 Thread 0x000000001dfb0000 nmethod 3773 0x0000000003750a50 code [0x0000000003750b80, 0x0000000003750c58]
Event: 7.441 Thread 0x000000001dfb4800 3775       3       sun.nio.cs.SingleByte$Encoder::encodeArrayLoop (236 bytes)
Event: 7.443 Thread 0x000000001dfb4800 nmethod 3775 0x000000000375e350 code [0x000000000375e7e0, 0x0000000003761368]
Event: 7.443 Thread 0x000000001dfb4800 3780   !   3       java.io.BufferedWriter::write (117 bytes)
Event: 7.444 Thread 0x000000001dfb4800 nmethod 3780 0x000000000375d250 code [0x000000000375d420, 0x000000000375db88]
Event: 7.444 Thread 0x000000001dfb4800 3777       3       org.apache.maven.plugin.surefire.extensions.EventConsumerThread::decode (39 bytes)

GC Heap History (6 events):
Event: 0.914 GC heap before
{Heap before GC invocations=1 (full 0):
 PSYoungGen      total 75264K, used 64512K [0x000000076c800000, 0x0000000771c00000, 0x00000007c0000000)
  eden space 64512K, 100% used [0x000000076c800000,0x0000000770700000,0x0000000770700000)
  from space 10752K, 0% used [0x0000000771180000,0x0000000771180000,0x0000000771c00000)
  to   space 10752K, 0% used [0x0000000770700000,0x0000000770700000,0x0000000771180000)
 ParOldGen       total 172032K, used 0K [0x00000006c5800000, 0x00000006d0000000, 0x000000076c800000)
  object space 172032K, 0% used [0x00000006c5800000,0x00000006c5800000,0x00000006d0000000)
 Metaspace       used 11576K, capacity 11796K, committed 12160K, reserved 1060864K
  class space    used 1442K, capacity 1542K, committed 1664K, reserved 1048576K
Event: 0.928 GC heap after
Heap after GC invocations=1 (full 0):
 PSYoungGen      total 75264K, used 10618K [0x000000076c800000, 0x0000000775b00000, 0x00000007c0000000)
  eden space 64512K, 0% used [0x000000076c800000,0x000000076c800000,0x0000000770700000)
  from space 10752K, 98% used [0x0000000770700000,0x000000077115eb20,0x0000000771180000)
  to   space 10752K, 0% used [0x0000000775080000,0x0000000775080000,0x0000000775b00000)
 ParOldGen       total 172032K, used 16K [0x00000006c5800000, 0x00000006d0000000, 0x000000076c800000)
  object space 172032K, 0% used [0x00000006c5800000,0x00000006c5804000,0x00000006d0000000)
 Metaspace       used 11576K, capacity 11796K, committed 12160K, reserved 1060864K
  class space    used 1442K, capacity 1542K, committed 1664K, reserved 1048576K
}
Event: 1.758 GC heap before
{Heap before GC invocations=2 (full 0):
 PSYoungGen      total 75264K, used 75130K [0x000000076c800000, 0x0000000775b00000, 0x00000007c0000000)
  eden space 64512K, 100% used [0x000000076c800000,0x0000000770700000,0x0000000770700000)
  from space 10752K, 98% used [0x0000000770700000,0x000000077115eb20,0x0000000771180000)
  to   space 10752K, 0% used [0x0000000775080000,0x0000000775080000,0x0000000775b00000)
 ParOldGen       total 172032K, used 16K [0x00000006c5800000, 0x00000006d0000000, 0x000000076c800000)
  object space 172032K, 0% used [0x00000006c5800000,0x00000006c5804000,0x00000006d0000000)
 Metaspace       used 15417K, capacity 15678K, committed 15744K, reserved 1062912K
  class space    used 1845K, capacity 1919K, committed 1920K, reserved 1048576K
Event: 1.768 GC heap after
Heap after GC invocations=2 (full 0):
 PSYoungGen      total 139776K, used 9373K [0x000000076c800000, 0x0000000775b00000, 0x00000007c0000000)
  eden space 129024K, 0% used [0x000000076c800000,0x000000076c800000,0x0000000774600000)
  from space 10752K, 87% used [0x0000000775080000,0x00000007759a7750,0x0000000775b00000)
  to   space 10752K, 0% used [0x0000000774600000,0x0000000774600000,0x0000000775080000)
 ParOldGen       total 172032K, used 24K [0x00000006c5800000, 0x00000006d0000000, 0x000000076c800000)
  object space 172032K, 0% used [0x00000006c5800000,0x00000006c5806000,0x00000006d0000000)
 Metaspace       used 15417K, capacity 15678K, committed 15744K, reserved 1062912K
  class space    used 1845K, capacity 1919K, committed 1920K, reserved 1048576K
}
Event: 3.190 GC heap before
{Heap before GC invocations=3 (full 0):
 PSYoungGen      total 139776K, used 138397K [0x000000076c800000, 0x0000000775b00000, 0x00000007c0000000)
  eden space 129024K, 100% used [0x000000076c800000,0x0000000774600000,0x0000000774600000)
  from space 10752K, 87% used [0x0000000775080000,0x00000007759a7750,0x0000000775b00000)
  to   space 10752K, 0% used [0x0000000774600000,0x0000000774600000,0x0000000775080000)
 ParOldGen       total 172032K, used 24K [0x00000006c5800000, 0x00000006d0000000, 0x000000076c800000)
  object space 172032K, 0% used [0x00000006c5800000,0x00000006c5806000,0x00000006d0000000)
 Metaspace       used 18709K, capacity 19210K, committed 19456K, reserved 1067008K
  class space    used 2133K, capacity 2260K, committed 2304K, reserved 1048576K
Event: 3.212 GC heap after
Heap after GC invocations=3 (full 0):
 PSYoungGen      total 139776K, used 10736K [0x000000076c800000, 0x000000077d900000, 0x00000007c0000000)
  eden space 129024K, 0% used [0x000000076c800000,0x000000076c800000,0x0000000774600000)
  from space 10752K, 99% used [0x0000000774600000,0x000000077507c030,0x0000000775080000)
  to   space 10752K, 0% used [0x000000077ce80000,0x000000077ce80000,0x000000077d900000)
 ParOldGen       total 172032K, used 5486K [0x00000006c5800000, 0x00000006d0000000, 0x000000076c800000)
  object space 172032K, 3% used [0x00000006c5800000,0x00000006c5d5b8a8,0x00000006d0000000)
 Metaspace       used 18709K, capacity 19210K, committed 19456K, reserved 1067008K
  class space    used 2133K, capacity 2260K, committed 2304K, reserved 1048576K
}

Deoptimization events (10 events):
Event: 3.387 Thread 0x00000000027ce800 Uncommon trap: reason=class_check action=maybe_recompile pc=0x000000000307ad50 method=java.util.Collections$UnmodifiableMap$UnmodifiableEntrySet$1.hasNext()Z @ 4
Event: 3.387 Thread 0x00000000027ce800 Uncommon trap: reason=class_check action=maybe_recompile pc=0x000000000309a8f4 method=java.util.Collections$UnmodifiableMap$UnmodifiableEntrySet$1.next()Ljava/util/Map$Entry; @ 8
Event: 3.387 Thread 0x00000000027ce800 Uncommon trap: reason=class_check action=maybe_recompile pc=0x0000000003073f48 method=java.util.Collections$UnmodifiableMap$UnmodifiableEntrySet$UnmodifiableEntry.getKey()Ljava/lang/Object; @ 4
Event: 3.387 Thread 0x00000000027ce800 Uncommon trap: reason=class_check action=maybe_recompile pc=0x0000000003094288 method=java.util.Collections$UnmodifiableMap$UnmodifiableEntrySet$UnmodifiableEntry.getValue()Ljava/lang/Object; @ 4
Event: 3.387 Thread 0x00000000027ce800 Uncommon trap: reason=class_check action=maybe_recompile pc=0x000000000307ad50 method=java.util.Collections$UnmodifiableMap$UnmodifiableEntrySet$1.hasNext()Z @ 4
Event: 3.387 Thread 0x00000000027ce800 Uncommon trap: reason=class_check action=maybe_recompile pc=0x000000000309a8f4 method=java.util.Collections$UnmodifiableMap$UnmodifiableEntrySet$1.next()Ljava/util/Map$Entry; @ 8
Event: 3.387 Thread 0x00000000027ce800 Uncommon trap: reason=class_check action=maybe_recompile pc=0x0000000003073f48 method=java.util.Collections$UnmodifiableMap$UnmodifiableEntrySet$UnmodifiableEntry.getKey()Ljava/lang/Object; @ 4
Event: 3.387 Thread 0x00000000027ce800 Uncommon trap: reason=class_check action=maybe_recompile pc=0x0000000003094288 method=java.util.Collections$UnmodifiableMap$UnmodifiableEntrySet$UnmodifiableEntry.getValue()Ljava/lang/Object; @ 4
Event: 3.410 Thread 0x000000002171f800 Uncommon trap: reason=bimorphic action=maybe_recompile pc=0x0000000003198d1c method=java.util.regex.Matcher.getTextLength()I @ 4
Event: 3.410 Thread 0x000000002171f800 Uncommon trap: reason=bimorphic action=maybe_recompile pc=0x0000000003198d1c method=java.util.regex.Matcher.getTextLength()I @ 4

Classes redefined (0 events):
No events

Internal exceptions (10 events):
Event: 2.046 Thread 0x00000000027ce800 Implicit null exception at 0x00000000032f256a to 0x00000000032f3879
Event: 2.238 Thread 0x00000000027ce800 Implicit null exception at 0x00000000031ec9d7 to 0x00000000031ece11
Event: 2.737 Thread 0x00000000027ce800 Exception <a 'java/lang/NoClassDefFoundError': org/sonatype/aether/installation/InstallationException> (0x0000000771ccd0b0) thrown at [C:\re\workspace\8-2-build-windows-amd64-cygwin\jdk8u202\12323\hotspot\src\share\vm\classfile\systemDictionary.cpp, line 
Event: 2.737 Thread 0x00000000027ce800 Exception <a 'java/lang/NoClassDefFoundError': org/sonatype/aether/resolution/ArtifactDescriptorException> (0x0000000771cdb940) thrown at [C:\re\workspace\8-2-build-windows-amd64-cygwin\jdk8u202\12323\hotspot\src\share\vm\classfile\systemDictionary.cpp, l
Event: 2.742 Thread 0x00000000027ce800 Exception <a 'java/lang/NoClassDefFoundError': org/sonatype/aether/resolution/ArtifactResolutionException> (0x0000000771d81918) thrown at [C:\re\workspace\8-2-build-windows-amd64-cygwin\jdk8u202\12323\hotspot\src\share\vm\classfile\systemDictionary.cpp, l
Event: 2.743 Thread 0x00000000027ce800 Exception <a 'java/lang/NoClassDefFoundError': org/sonatype/aether/collection/DependencyCollectionException> (0x0000000771d9e0c8) thrown at [C:\re\workspace\8-2-build-windows-amd64-cygwin\jdk8u202\12323\hotspot\src\share\vm\classfile\systemDictionary.cpp,
Event: 2.744 Thread 0x00000000027ce800 Exception <a 'java/lang/NoClassDefFoundError': org/sonatype/aether/artifact/Artifact> (0x0000000771db4ad0) thrown at [C:\re\workspace\8-2-build-windows-amd64-cygwin\jdk8u202\12323\hotspot\src\share\vm\classfile\systemDictionary.cpp, line 199]
Event: 2.745 Thread 0x00000000027ce800 Exception <a 'java/lang/NoClassDefFoundError': org/sonatype/aether/deployment/DeploymentException> (0x0000000771dc3610) thrown at [C:\re\workspace\8-2-build-windows-amd64-cygwin\jdk8u202\12323\hotspot\src\share\vm\classfile\systemDictionary.cpp, line 199]
Event: 2.747 Thread 0x00000000027ce800 Exception <a 'java/lang/NoClassDefFoundError': org/sonatype/aether/artifact/Artifact> (0x0000000771e08cd0) thrown at [C:\re\workspace\8-2-build-windows-amd64-cygwin\jdk8u202\12323\hotspot\src\share\vm\classfile\systemDictionary.cpp, line 199]
Event: 3.017 Thread 0x00000000027ce800 Implicit null exception at 0x00000000035d5e43 to 0x00000000035d608d

Events (10 events):
Event: 4.019 loading class org/apache/maven/surefire/shared/utils/logging/Style
Event: 4.019 loading class org/apache/maven/surefire/shared/utils/logging/Style done
Event: 4.019 loading class org/apache/maven/surefire/shared/utils/logging/Style
Event: 4.019 loading class org/apache/maven/surefire/shared/utils/logging/Style done
Event: 4.020 loading class org/fusesource/jansi/Ansi$Color
Event: 4.020 loading class org/fusesource/jansi/Ansi$Color done
Event: 4.020 loading class org/fusesource/jansi/Ansi$Color
Event: 4.020 loading class org/fusesource/jansi/Ansi$Color done
Event: 4.126 Executing VM operation: EnableBiasedLocking
Event: 4.127 Executing VM operation: EnableBiasedLocking done


Dynamic libraries:
0x00007ff7fa2a0000 - 0x00007ff7fa2d7000 	C:\Program Files\Java\jdk1.8.0_202\bin\java.exe
0x00007ffbdbc90000 - 0x00007ffbdbe87000 	C:\Windows\SYSTEM32\ntdll.dll
0x00007ffbdb160000 - 0x00007ffbdb21d000 	C:\Windows\System32\KERNEL32.DLL
0x00007ffbd9620000 - 0x00007ffbd98ed000 	C:\Windows\System32\KERNELBASE.dll
0x00007ffbdbb40000 - 0x00007ffbdbbee000 	C:\Windows\System32\ADVAPI32.dll
0x00007ffbda0b0000 - 0x00007ffbda14e000 	C:\Windows\System32\msvcrt.dll
0x00007ffbda2e0000 - 0x00007ffbda37c000 	C:\Windows\System32\sechost.dll
0x00007ffbda380000 - 0x00007ffbda4a5000 	C:\Windows\System32\RPCRT4.dll
0x00007ffbdb9a0000 - 0x00007ffbdbb40000 	C:\Windows\System32\USER32.dll
0x00007ffbd95f0000 - 0x00007ffbd9612000 	C:\Windows\System32\win32u.dll
0x00007ffbdad60000 - 0x00007ffbdad8a000 	C:\Windows\System32\GDI32.dll
0x00007ffbd9be0000 - 0x00007ffbd9ceb000 	C:\Windows\System32\gdi32full.dll
0x00007ffbd93b0000 - 0x00007ffbd944d000 	C:\Windows\System32\msvcp_win.dll
0x00007ffbd9ae0000 - 0x00007ffbd9be0000 	C:\Windows\System32\ucrtbase.dll
0x00007ffbc7330000 - 0x00007ffbc75ca000 	C:\Windows\WinSxS\amd64_microsoft.windows.common-controls_6595b64144ccf1df_6.0.19041.1110_none_60b5254171f9507e\COMCTL32.dll
0x00007ffbd9e10000 - 0x00007ffbd9e40000 	C:\Windows\System32\IMM32.DLL
0x00000000777e0000 - 0x00000000778b2000 	C:\Program Files\Java\jdk1.8.0_202\jre\bin\msvcr100.dll
0x0000000076f30000 - 0x00000000777d5000 	C:\Program Files\Java\jdk1.8.0_202\jre\bin\server\jvm.dll
0x00007ffbd9ff0000 - 0x00007ffbd9ff8000 	C:\Windows\System32\PSAPI.DLL
0x00007ffbc3ae0000 - 0x00007ffbc3ae9000 	C:\Windows\SYSTEM32\WSOCK32.dll
0x00007ffbc6f00000 - 0x00007ffbc6f27000 	C:\Windows\SYSTEM32\WINMM.dll
0x00007ffbdad90000 - 0x00007ffbdadfb000 	C:\Windows\System32\WS2_32.dll
0x00007ffbd1c40000 - 0x00007ffbd1c4a000 	C:\Windows\SYSTEM32\VERSION.dll
0x00007ffbd6040000 - 0x00007ffbd604f000 	C:\Program Files\Java\jdk1.8.0_202\jre\bin\verify.dll
0x00007ffbce8d0000 - 0x00007ffbce8f9000 	C:\Program Files\Java\jdk1.8.0_202\jre\bin\java.dll
0x00007ffbc5370000 - 0x00007ffbc5386000 	C:\Program Files\Java\jdk1.8.0_202\jre\bin\zip.dll
0x00007ffbda610000 - 0x00007ffbdad54000 	C:\Windows\System32\SHELL32.dll
0x00007ffbd71a0000 - 0x00007ffbd7934000 	C:\Windows\SYSTEM32\windows.storage.dll
0x00007ffbdae00000 - 0x00007ffbdb154000 	C:\Windows\System32\combase.dll
0x00007ffbd8e10000 - 0x00007ffbd8e3c000 	C:\Windows\SYSTEM32\Wldp.dll
0x00007ffbda530000 - 0x00007ffbda5dd000 	C:\Windows\System32\SHCORE.dll
0x00007ffbdbbf0000 - 0x00007ffbdbc45000 	C:\Windows\System32\shlwapi.dll
0x00007ffbd92f0000 - 0x00007ffbd930f000 	C:\Windows\SYSTEM32\profapi.dll
0x0000000069ac0000 - 0x0000000069ae4000 	C:\Program Files\Apache\maven\lib\jansi-native\Windows\x86_64\jansi.dll
0x00007ffbd6030000 - 0x00007ffbd603d000 	C:\Program Files\Java\jdk1.8.0_202\jre\bin\management.dll
0x00007ffbc5350000 - 0x00007ffbc536a000 	C:\Program Files\Java\jdk1.8.0_202\jre\bin\net.dll
0x00007ffbc2710000 - 0x00007ffbc28fc000 	C:\Windows\SYSTEM32\urlmon.dll
0x00007ffbc23f0000 - 0x00007ffbc2418000 	C:\Windows\SYSTEM32\srvcli.dll
0x00007ffbc2130000 - 0x00007ffbc23e1000 	C:\Windows\SYSTEM32\iertutil.dll
0x00007ffbd8900000 - 0x00007ffbd890c000 	C:\Windows\SYSTEM32\netutils.dll
0x00007ffbd8b70000 - 0x00007ffbd8bda000 	C:\Windows\system32\mswsock.dll
0x00007ffbd3010000 - 0x00007ffbd3027000 	C:\Windows\system32\napinsp.dll
0x00007ffbd2ff0000 - 0x00007ffbd300b000 	C:\Windows\system32\pnrpnsp.dll
0x00007ffbd2e60000 - 0x00007ffbd2e75000 	C:\Windows\system32\wshbth.dll
0x00007ffbd4360000 - 0x00007ffbd437d000 	C:\Windows\system32\NLAapi.dll
0x00007ffbd87f0000 - 0x00007ffbd882b000 	C:\Windows\SYSTEM32\IPHLPAPI.DLL
0x00007ffbd8830000 - 0x00007ffbd88fb000 	C:\Windows\SYSTEM32\DNSAPI.dll
0x00007ffbdb990000 - 0x00007ffbdb998000 	C:\Windows\System32\NSI.dll
0x00007ffbd2fd0000 - 0x00007ffbd2fe2000 	C:\Windows\System32\winrnr.dll
0x00007ffbd0790000 - 0x00007ffbd079a000 	C:\Windows\System32\rasadhlp.dll
0x00007ffbc86b0000 - 0x00007ffbc8730000 	C:\Windows\System32\fwpuclnt.dll
0x00007ffbd95c0000 - 0x00007ffbd95e7000 	C:\Windows\System32\bcrypt.dll
0x00007ffbd8d60000 - 0x00007ffbd8d78000 	C:\Windows\SYSTEM32\CRYPTSP.dll
0x00007ffbd8420000 - 0x00007ffbd8454000 	C:\Windows\system32\rsaenh.dll
0x00007ffbd9270000 - 0x00007ffbd929e000 	C:\Windows\SYSTEM32\USERENV.dll
0x00007ffbd9a50000 - 0x00007ffbd9ad2000 	C:\Windows\System32\bcryptprimitives.dll
0x00007ffbd8d80000 - 0x00007ffbd8d8c000 	C:\Windows\SYSTEM32\CRYPTBASE.dll
0x00007ffbce720000 - 0x00007ffbce737000 	C:\Windows\SYSTEM32\dhcpcsvc6.DLL
0x00007ffbd07b0000 - 0x00007ffbd07cd000 	C:\Windows\SYSTEM32\dhcpcsvc.DLL
0x00007ffbc41a0000 - 0x00007ffbc41b2000 	C:\Program Files\Java\jdk1.8.0_202\jre\bin\nio.dll

VM Arguments:
jvm_args: -Dclassworlds.conf=C:\Program Files\Apache\maven\bin\m2.conf -Dmaven.home=C:\Program Files\Apache\maven -Dlibrary.jansi.path=C:\Program Files\Apache\maven\lib\jansi-native -Dmaven.multiModuleProjectDirectory=C:\IptvAuto 
java_command: org.codehaus.plexus.classworlds.launcher.Launcher test
java_class_path (initial): C:\Program Files\Apache\maven\boot\plexus-classworlds-2.6.0.jar
Launcher Type: SUN_STANDARD

Environment Variables:
JAVA_HOME=C:\Program Files\Java\jdk1.8.0_202
PATH=C:\ProgramData\Oracle\Java\javapath;C:\Program Files (x86)\Common Files\Oracle\Java\javapath;C:\Windows\system32;C:\Windows;C:\Windows\System32\Wbem;C:\Windows\System32\WindowsPowerShell\v1.0\;C:\Windows\System32\OpenSSH\;C:\Program Files\dotnet\;C:\Program Files\Git\cmd;C:\Program Files\nodejs\;C:\Windows\System32;D:\hudson\driver;C:\Users\Hudson\driver;"C:\Program Files\Apache\maven\bin;”";C:\Program Files\Apache\maven\bin;C:\Program Files\Java\jdk1.8.0_202\bin;C:\anaconda;C:\anaconda\Library\mingw-w64\bin;C:\anaconda\Library\usr\bin;C:\anaconda\Library\bin;C:\anaconda\Scripts;C:\Users\Hudson\AppData\Local\Microsoft\WindowsApps;C:\Program Files\JetBrains\PyCharm Community Edition 2021.1.3\bin;;C:\Users\Hudson\AppData\Local\Programs\Microsoft VS Code\bin;C:\Users\Hudson\AppData\Roaming\npm;C:\Windows\System32;D:\Program Files\Hyper\resources\bin;C:\Program Files\Apache\maven\bin;C:\Program Files\Java\jdk1.8.0_202\bin;
USERNAME=Hudson
OS=Windows_NT
PROCESSOR_IDENTIFIER=Intel64 Family 6 Model 142 Stepping 10, GenuineIntel



---------------  S Y S T E M  ---------------

OS: Windows 10.0 , 64 bit Build 19041 (10.0.19041.1741)

CPU:total 8 (initial active 8) (4 cores per cpu, 2 threads per core) family 6 model 142 stepping 10, cmov, cx8, fxsr, mmx, sse, sse2, sse3, ssse3, sse4.1, sse4.2, popcnt, avx, avx2, aes, clmul, erms, 3dnowpref, lzcnt, ht, tsc, tscinvbit, bmi1, bmi2, adx

Memory: 4k page, physical 16411884k(700732k free), swap 45643712k(19932k free)

vm_info: Java HotSpot(TM) 64-Bit Server VM (25.202-b08) for windows-amd64 JRE (1.8.0_202-b08), built on Dec 15 2018 19:54:30 by "java_re" with MS VC++ 10.0 (VS2010)

time: Fri Jul 29 17:31:41 2022
timezone: Hora oficial do Brasil
elapsed time: 7 seconds (0d 0h 0m 7s)

